<?xml version="1.0" encoding="UTF-8"?>
<testsuites name="Test Reports" tests="0" failures="0" errors="0" time="0.238">
</testsuites>